<?xml version="1.0" encoding="UTF-8"?>
<testsuite name="Cucumber" time="0.428" tests="4" skipped="0" failures="4" errors="0">
<testcase classname="Feature to test Login functionality" name="Check Login is successfull with valid credentials - #1.1" time="0.038">
<failure/>
<system-out><![CDATA[
Given User is on Login page.................................................undefined
When User enters valid student and valid Password123........................skipped
And Clicks on Login button..................................................skipped
Then User is able to login and navigated to the homepage....................skipped
]]></system-out>
</testcase>
<testcase classname="Feature to test Login functionality" name="Check Login is successfull with valid credentials - #1.2" time="0.004">
<failure/>
<system-out><![CDATA[
Given User is on Login page.................................................undefined
When User enters valid student12 and valid Password123......................skipped
And Clicks on Login button..................................................skipped
Then User is able to login and navigated to the homepage....................skipped
]]></system-out>
</testcase>
<testcase classname="Feature to test Login functionality" name="Check Login is successfull with valid credentials - #1.3" time="0.005">
<failure/>
<system-out><![CDATA[
Given User is on Login page.................................................undefined
When User enters valid student and valid Pass...............................skipped
And Clicks on Login button..................................................skipped
Then User is able to login and navigated to the homepage....................skipped
]]></system-out>
</testcase>
<testcase classname="Feature to test Login functionality" name="Check Login is successfull with valid credentials - #1.4" time="0.003">
<failure/>
<system-out><![CDATA[
Given User is on Login page.................................................undefined
When User enters valid student12 and valid Pass.............................skipped
And Clicks on Login button..................................................skipped
Then User is able to login and navigated to the homepage....................skipped
]]></system-out>
</testcase>
</testsuite>
